\BOOKMARK [0][-]{section*.1}{DarkSide-20k Project Execution Plan}{}% 1
\BOOKMARK [1][-]{section*.2}{Contents}{section*.1}% 2
\BOOKMARK [1][-]{section*.3}{List of Figures}{section*.1}% 3
\BOOKMARK [1][-]{section*.4}{List of Tables}{section*.1}% 4
\BOOKMARK [1][-]{section*.5}{Introduction}{section*.1}% 5
\BOOKMARK [2][-]{section*.6}{Scientific Objectives}{section*.5}% 6
\BOOKMARK [2][-]{section*.7}{Scientific Requirements}{section*.5}% 7
\BOOKMARK [2][-]{section*.8}{Facility/Infrastructure}{section*.5}% 8
\BOOKMARK [2][-]{section*.9}{Scientific and Broader Societal Impacts}{section*.5}% 9
\BOOKMARK [1][-]{section*.12}{Organization}{section*.1}% 10
\BOOKMARK [2][-]{section*.13}{Governance \046 Organization and Communication}{section*.12}% 11
\BOOKMARK [2][-]{section*.14}{Specific Roles and Responsibilities}{section*.12}% 12
\BOOKMARK [2][-]{section*.15}{Partnerships}{section*.12}% 13
\BOOKMARK [2][-]{section*.16}{External Organization and Communication}{section*.12}% 14
\BOOKMARK [2][-]{section*.17}{Institutional Responsibilities}{section*.12}% 15
\BOOKMARK [2][-]{section*.18}{Community Relations and Outreach}{section*.12}% 16
\BOOKMARK [1][-]{section*.19}{Design and Development}{section*.1}% 17
\BOOKMARK [2][-]{section*.20}{Project Development Plan}{section*.19}% 18
\BOOKMARK [2][-]{section*.21}{Development Budget and Funding Sources}{section*.19}% 19
\BOOKMARK [2][-]{section*.22}{Development Schedule}{section*.19}% 20
\BOOKMARK [1][-]{section*.23}{Construction Project Definition}{section*.1}% 21
\BOOKMARK [2][-]{section*.24}{Summary of Total Project Definition}{section*.23}% 22
\BOOKMARK [2][-]{section*.25}{Work Breakdown Structure \(WBS\)}{section*.23}% 23
\BOOKMARK [2][-]{section*.26}{WBS Acronyms and Dictionary}{section*.23}% 24
\BOOKMARK [2][-]{section*.29}{Scope Management Plan and Scope Contingency}{section*.23}% 25
\BOOKMARK [2][-]{section*.30}{Cost Estimating Plan, Cost Reports, and Baseline Budget}{section*.23}% 26
\BOOKMARK [2][-]{section*.31}{Budget contingency}{section*.23}% 27
\BOOKMARK [2][-]{section*.32}{Cost Book, Cost Model Data Set, and Basis of Estimate}{section*.23}% 28
\BOOKMARK [2][-]{section*.33}{Funding Profile}{section*.23}% 29
\BOOKMARK [2][-]{section*.34}{Baseline Schedule Estimating Plan and Integrated Schedule}{section*.23}% 30
\BOOKMARK [2][-]{section*.35}{Schedule Contingency}{section*.23}% 31
\BOOKMARK [1][-]{section*.36}{Staffing}{section*.1}% 32
\BOOKMARK [2][-]{section*.37}{Staffing Plan}{section*.36}% 33
\BOOKMARK [2][-]{section*.38}{Hiring and Staff Transition Plan}{section*.36}% 34
\BOOKMARK [1][-]{section*.39}{Risk and Opportunity Management}{section*.1}% 35
\BOOKMARK [2][-]{section*.40}{Risk Management Plan}{section*.39}% 36
\BOOKMARK [1][-]{section*.41}{Systems Engineering}{section*.1}% 37
\BOOKMARK [2][-]{section*.42}{Systems Engineering Plan}{section*.41}% 38
\BOOKMARK [2][-]{section*.43}{Systems Engineering Requirements}{section*.41}% 39
\BOOKMARK [2][-]{section*.44}{Interface Management Plan}{section*.41}% 40
\BOOKMARK [2][-]{section*.45}{QA/QC, Operations, and Facility Divestment Plans}{section*.41}% 41
\BOOKMARK [2][-]{section*.46}{Concept of Operations Plan}{section*.41}% 42
\BOOKMARK [2][-]{section*.47}{Facility Divestment Plan}{section*.41}% 43
\BOOKMARK [1][-]{section*.48}{Configuration Control}{section*.1}% 44
\BOOKMARK [2][-]{section*.49}{WBS Control Plan}{section*.48}% 45
\BOOKMARK [2][-]{section*.50}{Change Control Plan}{section*.48}% 46
\BOOKMARK [2][-]{section*.51}{Document Control Plan}{section*.48}% 47
\BOOKMARK [1][-]{section*.52}{Acquisitions}{section*.1}% 48
\BOOKMARK [2][-]{section*.53}{Acquisitions Plans}{section*.52}% 49
\BOOKMARK [2][-]{section*.54}{Acquisition Approval Process}{section*.52}% 50
\BOOKMARK [1][-]{section*.55}{Project Manangement Controls}{section*.1}% 51
\BOOKMARK [2][-]{section*.56}{Project Management Control Plan}{section*.55}% 52
\BOOKMARK [2][-]{section*.57}{Earned Value Management System \(EVMS\) Plan}{section*.55}% 53
\BOOKMARK [1][-]{section*.58}{Site and Environment}{section*.1}% 54
\BOOKMARK [1][-]{section*.59}{Cyberinfrastructure}{section*.1}% 55
\BOOKMARK [2][-]{section*.60}{Cyber-Security Plan}{section*.59}% 56
\BOOKMARK [2][-]{section*.61}{Code Development Plan}{section*.59}% 57
\BOOKMARK [2][-]{section*.62}{Data Management Plan}{section*.59}% 58
\BOOKMARK [1][-]{section*.63}{Environmental, Safety and Health}{section*.1}% 59
\BOOKMARK [2][-]{section*.64}{Environmental, Safety and Health Plans}{section*.63}% 60
\BOOKMARK [1][-]{section*.65}{Review and Reporting}{section*.1}% 61
\BOOKMARK [1][-]{section*.66}{Integration and Commissioning}{section*.1}% 62
\BOOKMARK [2][-]{section*.67}{Integrations and Commissioning Plan}{section*.66}% 63
\BOOKMARK [2][-]{section*.68}{Acceptance/Operational Readiness Plan}{section*.66}% 64
\BOOKMARK [1][-]{section*.69}{Project Close-out}{section*.1}% 65
\BOOKMARK [2][-]{section*.70}{Transition to Operations Plan}{section*.69}% 66
\BOOKMARK [2][-]{section*.71}{Project Close-out Plan}{section*.69}% 67
\BOOKMARK [1][-]{section*.72}{Work Breakdown Structure}{section*.1}% 68
\BOOKMARK [1][-]{section*.73}{Agency View of WBS}{section*.1}% 69
\BOOKMARK [1][-]{section*.74}{Institutional View of WBS}{section*.1}% 70
\BOOKMARK [1][-]{section*.75}{References}{section*.1}% 71
