\BOOKMARK [1][-]{section*.1}{Intellectual Merit}{}% 1
\BOOKMARK [2][-]{section*.2}{Scientific Justification}{section*.1}% 2
\BOOKMARK [3][-]{section*.3}{DarkSide-20k: The High-Mass Search Program}{section*.2}% 3
\BOOKMARK [3][-]{section*.4}{DarkSide-LowMass: The Low-Mass Search Program}{section*.2}% 4
\BOOKMARK [3][-]{section*.5}{Argo}{section*.2}% 5
\BOOKMARK [3][-]{section*.6}{Comparison with Xenon-Based Experiments and the ``Neutrino Floor''}{section*.2}% 6
\BOOKMARK [3][-]{section*.7}{New Technologies}{section*.2}% 7
\BOOKMARK [3][-]{section*.8}{Community Recommendations}{section*.2}% 8
\BOOKMARK [2][-]{section*.9}{Research Community Benefits}{section*.1}% 9
\BOOKMARK [1][-]{section*.10}{Results from Prior NSF Support}{}% 10
\BOOKMARK [2][-]{section*.11}{Intellectual Merit}{section*.10}% 11
\BOOKMARK [2][-]{section*.12}{Broader Impact}{section*.10}% 12
\BOOKMARK [1][-]{section*.13}{Preliminary Activities Accomplished}{}% 13
\BOOKMARK [2][-]{section*.14}{LAr TPC and ProtoDUNE Cryostat Design}{section*.13}% 14
\BOOKMARK [2][-]{section*.15}{Cryogenics and Gas Handling System}{section*.13}% 15
\BOOKMARK [2][-]{section*.16}{Photoelectronics}{section*.13}% 16
\BOOKMARK [2][-]{section*.17}{Underground Argon Extraction and Purification: Urania}{section*.13}% 17
\BOOKMARK [2][-]{section*.18}{Final Argon Purification: Aria}{section*.13}% 18
\BOOKMARK [2][-]{section*.19}{Argon radioactivity assessment: DArT}{section*.13}% 19
\BOOKMARK [2][-]{section*.20}{Offsite Neutron Calibrations: ReD}{section*.13}% 20
\BOOKMARK [1][-]{section*.21}{Implementation Plan}{}% 21
\BOOKMARK [1][-]{section*.22}{Foreign Collaborator Contribution}{}% 22
\BOOKMARK [1][-]{section*.23}{Operations and Utilization Plan}{}% 23
\BOOKMARK [1][-]{section*.24}{Broader Impacts}{}% 24
\BOOKMARK [2][-]{section*.25}{Advances in Technology}{section*.24}% 25
\BOOKMARK [2][-]{section*.26}{STEM Education and Outreach}{section*.24}% 26
\BOOKMARK [1][-]{section*.27}{Supplementary Documents}{}% 27
\BOOKMARK [1][-]{section*.28}{References}{}% 28
\BOOKMARK [1][-]{section*.29}{References}{}% 29
