\BOOKMARK [1][-]{section*.1}{Intellectual Merit}{}% 1
\BOOKMARK [2][-]{section*.2}{Scientific Justification}{section*.1}% 2
\BOOKMARK [3][-]{section*.3}{Comparison with Xenon-Based Experiments and the ``Neutrino Floor''}{section*.2}% 3
\BOOKMARK [3][-]{section*.4}{New Technologies}{section*.2}% 4
\BOOKMARK [2][-]{section*.5}{Research Community Benefits}{section*.1}% 5
\BOOKMARK [3][-]{section*.6}{Relation to NSF's 10 Big Ideas}{section*.5}% 6
\BOOKMARK [3][-]{section*.7}{Community Recommendations}{section*.5}% 7
\BOOKMARK [3][-]{section*.8}{DarkSide-20k: The High-Mass Search Program}{section*.5}% 8
\BOOKMARK [3][-]{section*.9}{DarkSide-LowMass: The Low-Mass Search Program}{section*.5}% 9
\BOOKMARK [3][-]{section*.10}{Argo}{section*.5}% 10
\BOOKMARK [1][-]{section*.11}{Results from Prior NSF Support}{}% 11
\BOOKMARK [2][-]{section*.12}{Intellectual Merit}{section*.11}% 12
\BOOKMARK [2][-]{section*.13}{Broader Impact}{section*.11}% 13
\BOOKMARK [1][-]{section*.14}{Preliminary Activities Accomplished}{}% 14
\BOOKMARK [2][-]{section*.15}{LAr TPC and ProtoDUNE Cryostat Design}{section*.14}% 15
\BOOKMARK [2][-]{section*.16}{Cryogenics and Gas Handling System}{section*.14}% 16
\BOOKMARK [2][-]{section*.17}{Photoelectronics}{section*.14}% 17
\BOOKMARK [2][-]{section*.18}{Underground Argon Extraction and Purification: Urania}{section*.14}% 18
\BOOKMARK [2][-]{section*.19}{Final Argon Purification: Aria}{section*.14}% 19
\BOOKMARK [2][-]{section*.20}{Argon radioactivity assessment: DArT}{section*.14}% 20
\BOOKMARK [2][-]{section*.21}{Offsite Neutron Calibrations: ReD}{section*.14}% 21
\BOOKMARK [1][-]{section*.22}{Implementation Plan}{}% 22
\BOOKMARK [1][-]{section*.23}{Foreign Collaborator Contribution}{}% 23
\BOOKMARK [1][-]{section*.24}{Operations and Utilization Plan}{}% 24
\BOOKMARK [1][-]{section*.25}{Broader Impacts}{}% 25
\BOOKMARK [2][-]{section*.26}{Advances in Technology}{section*.25}% 26
\BOOKMARK [2][-]{section*.27}{STEM Education and Outreach}{section*.25}% 27
\BOOKMARK [1][-]{section*.28}{References}{}% 28
\BOOKMARK [1][-]{section*.29}{References}{}% 29
